#
# There is insufficient memory for the Java Runtime Environment to continue.
# Native memory allocation (malloc) failed to allocate 828176 bytes for Chunk::new
# Possible reasons:
#   The system is out of physical RAM or swap space
#   In 32 bit mode, the process size limit was hit
# Possible solutions:
#   Reduce memory load on the system
#   Increase physical memory or swap space
#   Check if swap backing store is full
#   Use 64 bit Java on a 64 bit OS
#   Decrease Java heap size (-Xmx/-Xms)
#   Decrease number of Java threads
#   Decrease Java thread stack sizes (-Xss)
#   Set larger code cache with -XX:ReservedCodeCacheSize=
# This output file may be truncated or incomplete.
#
#  Out of Memory Error (allocation.cpp:390), pid=232, tid=0x0000000000003e98
#
# JRE version: Java(TM) SE Runtime Environment (8.0_181-b13) (build 1.8.0_181-b13)
# Java VM: Java HotSpot(TM) 64-Bit Server VM (25.181-b13 mixed mode windows-amd64 compressed oops)
# Failed to write core dump. Minidumps are not enabled by default on client versions of Windows
#

---------------  T H R E A D  ---------------

Current thread (0x0000000017a5b000):  JavaThread "C2 CompilerThread1" daemon [_thread_in_native, id=16024, stack(0x0000000019550000,0x0000000019650000)]

Stack: [0x0000000019550000,0x0000000019650000]
[error occurred during error reporting (printing stack bounds), id 0xc0000005]

Native frames: (J=compiled Java code, j=interpreted, Vv=VM code, C=native code)


Current CompileTask:
C2:  12462 4699       4       org.springframework.integration.config.annotation.MessagingAnnotationPostProcessor::lambda$postProcessAfterInitialization$0 (270 bytes)


---------------  P R O C E S S  ---------------

Java Threads: ( => current thread )
  0x000000001ac66000 JavaThread "mysql-cj-abandoned-connection-cleanup" daemon [_thread_blocked, id=18360, stack(0x000000001b7d0000,0x000000001b8d0000)]
  0x0000000018e2d000 JavaThread "Service Thread" daemon [_thread_blocked, id=19168, stack(0x0000000019750000,0x0000000019850000)]
  0x0000000017a5c000 JavaThread "C1 CompilerThread2" daemon [_thread_blocked, id=15528, stack(0x0000000019650000,0x0000000019750000)]
=>0x0000000017a5b000 JavaThread "C2 CompilerThread1" daemon [_thread_in_native, id=16024, stack(0x0000000019550000,0x0000000019650000)]
  0x0000000017a57800 JavaThread "C2 CompilerThread0" daemon [_thread_in_native, id=16196, stack(0x0000000019450000,0x0000000019550000)]
  0x0000000017a56000 JavaThread "Monitor Ctrl-Break" daemon [_thread_in_native, id=17196, stack(0x0000000019350000,0x0000000019450000)]
  0x0000000018d93800 JavaThread "Attach Listener" daemon [_thread_blocked, id=15468, stack(0x0000000019250000,0x0000000019350000)]
  0x0000000017a19000 JavaThread "Signal Dispatcher" daemon [_thread_blocked, id=8328, stack(0x0000000019150000,0x0000000019250000)]
  0x00000000179f0800 JavaThread "Finalizer" daemon [_thread_blocked, id=18224, stack(0x0000000018c50000,0x0000000018d50000)]
  0x00000000179c9000 JavaThread "Reference Handler" daemon [_thread_blocked, id=18580, stack(0x0000000018b50000,0x0000000018c50000)]
  0x0000000002ccb000 JavaThread "main" [_thread_in_native, id=14432, stack(0x0000000002bc0000,0x0000000002cc0000)]

Other Threads:
  0x00000000179c8000 VMThread [stack: 0x0000000018a50000,0x0000000018b50000] [id=20064]
  0x0000000018e8e800 WatcherThread [stack: 0x0000000019850000,0x0000000019950000] [id=12232]

VM state:not at safepoint (normal execution)

VM Mutex/Monitor currently owned by a thread: None

Heap:
 PSYoungGen      total 322560K, used 159687K [0x00000000d5e00000, 0x00000000eb280000, 0x0000000100000000)
  eden space 312832K, 47% used [0x00000000d5e00000,0x00000000df08f9f8,0x00000000e8f80000)
  from space 9728K, 98% used [0x00000000ea900000,0x00000000eb262550,0x00000000eb280000)
  to   space 13824K, 0% used [0x00000000e9780000,0x00000000e9780000,0x00000000ea500000)
 ParOldGen       total 65024K, used 15408K [0x0000000081a00000, 0x0000000085980000, 0x00000000d5e00000)
  object space 65024K, 23% used [0x0000000081a00000,0x000000008290c198,0x0000000085980000)
 Metaspace       used 43139K, capacity 45056K, committed 45232K, reserved 1089536K
  class space    used 5607K, capacity 5960K, committed 6064K, reserved 1048576K

Card table byte_map: [0x0000000012280000,0x0000000012680000] byte_map_base: 0x0000000011e73000

Marking Bits: (ParMarkBitMap*) 0x0000000051cf2d00
 Begin Bits: [0x0000000012d30000, 0x0000000014cc8000)
 End Bits:   [0x0000000014cc8000, 0x0000000016c60000)

Polling page: 0x0000000000920000

CodeCache: size=245760Kb used=16633Kb max_used=16967Kb free=229126Kb
 bounds [0x0000000002ec0000, 0x0000000003f90000, 0x0000000011ec0000]
 total_blobs=4677 nmethods=4218 adapters=370
 compilation: enabled

Compilation events (10 events):
Event: 12.453 Thread 0x0000000017a5c000 4747       2       org.springframework.core.annotation.AnnotationUtils::postProcessAnnotationAttributes (163 bytes)
Event: 12.454 Thread 0x0000000017a5c000 nmethod 4747 0x00000000030977d0 code [0x0000000003097a00, 0x0000000003098198]
Event: 12.454 Thread 0x0000000017a5c000 4751   !   2       org.springframework.core.annotation.AnnotatedElementUtils::searchWithGetSemantics (178 bytes)
Event: 12.454 Thread 0x0000000017a5c000 nmethod 4751 0x00000000031c60d0 code [0x00000000031c62e0, 0x00000000031c6978]
Event: 12.454 Thread 0x0000000017a5c000 4748  s    2       java.lang.reflect.Executable::declaredAnnotations (59 bytes)
Event: 12.455 Thread 0x0000000017a5c000 nmethod 4748 0x000000000376b190 code [0x000000000376b360, 0x000000000376b7e8]
Event: 12.455 Thread 0x0000000017a5c000 4750       2       java.lang.Class::annotationData (44 bytes)
Event: 12.455 Thread 0x0000000017a5c000 nmethod 4750 0x00000000037e2790 code [0x00000000037e2900, 0x00000000037e2b48]
Event: 12.458 Thread 0x0000000017a5c000 4752       3       java.util.concurrent.ConcurrentHashMap::<init> (44 bytes)
Event: 12.458 Thread 0x0000000017a5c000 nmethod 4752 0x00000000037e20d0 code [0x00000000037e2260, 0x00000000037e25f8]

GC Heap History (10 events):
Event: 7.017 GC heap before
{Heap before GC invocations=8 (full 1):
 PSYoungGen      total 126464K, used 126312K [0x00000000d5e00000, 0x00000000def00000, 0x0000000100000000)
  eden space 119808K, 100% used [0x00000000d5e00000,0x00000000dd300000,0x00000000dd300000)
  from space 6656K, 97% used [0x00000000de880000,0x00000000deeda108,0x00000000def00000)
  to   space 8704K, 0% used [0x00000000dde00000,0x00000000dde00000,0x00000000de680000)
 ParOldGen       total 50688K, used 7932K [0x0000000081a00000, 0x0000000084b80000, 0x00000000d5e00000)
  object space 50688K, 15% used [0x0000000081a00000,0x00000000821bf1e0,0x0000000084b80000)
 Metaspace       used 28756K, capacity 29684K, committed 29744K, reserved 1075200K
  class space    used 3620K, capacity 3854K, committed 3888K, reserved 1048576K
Event: 7.032 GC heap after
Heap after GC invocations=8 (full 1):
 PSYoungGen      total 139776K, used 8693K [0x00000000d5e00000, 0x00000000e4480000, 0x0000000100000000)
  eden space 131072K, 0% used [0x00000000d5e00000,0x00000000d5e00000,0x00000000dde00000)
  from space 8704K, 99% used [0x00000000dde00000,0x00000000de67d6a0,0x00000000de680000)
  to   space 11776K, 0% used [0x00000000e3900000,0x00000000e3900000,0x00000000e4480000)
 ParOldGen       total 50688K, used 11555K [0x0000000081a00000, 0x0000000084b80000, 0x00000000d5e00000)
  object space 50688K, 22% used [0x0000000081a00000,0x0000000082548f68,0x0000000084b80000)
 Metaspace       used 28756K, capacity 29684K, committed 29744K, reserved 1075200K
  class space    used 3620K, capacity 3854K, committed 3888K, reserved 1048576K
}
Event: 8.571 GC heap before
{Heap before GC invocations=9 (full 1):
 PSYoungGen      total 139776K, used 139765K [0x00000000d5e00000, 0x00000000e4480000, 0x0000000100000000)
  eden space 131072K, 100% used [0x00000000d5e00000,0x00000000dde00000,0x00000000dde00000)
  from space 8704K, 99% used [0x00000000dde00000,0x00000000de67d6a0,0x00000000de680000)
  to   space 11776K, 0% used [0x00000000e3900000,0x00000000e3900000,0x00000000e4480000)
 ParOldGen       total 50688K, used 11555K [0x0000000081a00000, 0x0000000084b80000, 0x00000000d5e00000)
  object space 50688K, 22% used [0x0000000081a00000,0x0000000082548f68,0x0000000084b80000)
 Metaspace       used 34153K, capacity 35282K, committed 35496K, reserved 1081344K
  class space    used 4292K, capacity 4531K, committed 4656K, reserved 1048576K
Event: 8.584 GC heap after
Heap after GC invocations=9 (full 1):
 PSYoungGen      total 221696K, used 11771K [0x00000000d5e00000, 0x00000000e5880000, 0x0000000100000000)
  eden space 209920K, 0% used [0x00000000d5e00000,0x00000000d5e00000,0x00000000e2b00000)
  from space 11776K, 99% used [0x00000000e3900000,0x00000000e447ee10,0x00000000e4480000)
  to   space 14336K, 0% used [0x00000000e2b00000,0x00000000e2b00000,0x00000000e3900000)
 ParOldGen       total 50688K, used 14177K [0x0000000081a00000, 0x0000000084b80000, 0x00000000d5e00000)
  object space 50688K, 27% used [0x0000000081a00000,0x00000000827d8760,0x0000000084b80000)
 Metaspace       used 34153K, capacity 35282K, committed 35496K, reserved 1081344K
  class space    used 4292K, capacity 4531K, committed 4656K, reserved 1048576K
}
Event: 8.605 GC heap before
{Heap before GC invocations=10 (full 1):
 PSYoungGen      total 221696K, used 18358K [0x00000000d5e00000, 0x00000000e5880000, 0x0000000100000000)
  eden space 209920K, 3% used [0x00000000d5e00000,0x00000000d646eba8,0x00000000e2b00000)
  from space 11776K, 99% used [0x00000000e3900000,0x00000000e447ee10,0x00000000e4480000)
  to   space 14336K, 0% used [0x00000000e2b00000,0x00000000e2b00000,0x00000000e3900000)
 ParOldGen       total 50688K, used 14177K [0x0000000081a00000, 0x0000000084b80000, 0x00000000d5e00000)
  object space 50688K, 27% used [0x0000000081a00000,0x00000000827d8760,0x0000000084b80000)
 Metaspace       used 34185K, capacity 35284K, committed 35496K, reserved 1081344K
  class space    used 4296K, capacity 4532K, committed 4656K, reserved 1048576K
Event: 8.613 GC heap after
Heap after GC invocations=10 (full 1):
 PSYoungGen      total 224256K, used 8512K [0x00000000d5e00000, 0x00000000eb680000, 0x0000000100000000)
  eden space 209920K, 0% used [0x00000000d5e00000,0x00000000d5e00000,0x00000000e2b00000)
  from space 14336K, 59% used [0x00000000e2b00000,0x00000000e3350020,0x00000000e3900000)
  to   space 13824K, 0% used [0x00000000ea900000,0x00000000ea900000,0x00000000eb680000)
 ParOldGen       total 50688K, used 15813K [0x0000000081a00000, 0x0000000084b80000, 0x00000000d5e00000)
  object space 50688K, 31% used [0x0000000081a00000,0x00000000829717d0,0x0000000084b80000)
 Metaspace       used 34185K, capacity 35284K, committed 35496K, reserved 1081344K
  class space    used 4296K, capacity 4532K, committed 4656K, reserved 1048576K
}
Event: 8.614 GC heap before
{Heap before GC invocations=11 (full 2):
 PSYoungGen      total 224256K, used 8512K [0x00000000d5e00000, 0x00000000eb680000, 0x0000000100000000)
  eden space 209920K, 0% used [0x00000000d5e00000,0x00000000d5e00000,0x00000000e2b00000)
  from space 14336K, 59% used [0x00000000e2b00000,0x00000000e3350020,0x00000000e3900000)
  to   space 13824K, 0% used [0x00000000ea900000,0x00000000ea900000,0x00000000eb680000)
 ParOldGen       total 50688K, used 15813K [0x0000000081a00000, 0x0000000084b80000, 0x00000000d5e00000)
  object space 50688K, 31% used [0x0000000081a00000,0x00000000829717d0,0x0000000084b80000)
 Metaspace       used 34185K, capacity 35284K, committed 35496K, reserved 1081344K
  class space    used 4296K, capacity 4532K, committed 4656K, reserved 1048576K
Event: 8.685 GC heap after
Heap after GC invocations=11 (full 2):
 PSYoungGen      total 224256K, used 0K [0x00000000d5e00000, 0x00000000eb680000, 0x0000000100000000)
  eden space 209920K, 0% used [0x00000000d5e00000,0x00000000d5e00000,0x00000000e2b00000)
  from space 14336K, 0% used [0x00000000e2b00000,0x00000000e2b00000,0x00000000e3900000)
  to   space 13824K, 0% used [0x00000000ea900000,0x00000000ea900000,0x00000000eb680000)
 ParOldGen       total 65024K, used 15400K [0x0000000081a00000, 0x0000000085980000, 0x00000000d5e00000)
  object space 65024K, 23% used [0x0000000081a00000,0x000000008290a198,0x0000000085980000)
 Metaspace       used 34185K, capacity 35284K, committed 35496K, reserved 1081344K
  class space    used 4296K, capacity 4532K, committed 4656K, reserved 1048576K
}
Event: 11.087 GC heap before
{Heap before GC invocations=12 (full 2):
 PSYoungGen      total 224256K, used 209920K [0x00000000d5e00000, 0x00000000eb680000, 0x0000000100000000)
  eden space 209920K, 100% used [0x00000000d5e00000,0x00000000e2b00000,0x00000000e2b00000)
  from space 14336K, 0% used [0x00000000e2b00000,0x00000000e2b00000,0x00000000e3900000)
  to   space 13824K, 0% used [0x00000000ea900000,0x00000000ea900000,0x00000000eb680000)
 ParOldGen       total 65024K, used 15400K [0x0000000081a00000, 0x0000000085980000, 0x00000000d5e00000)
  object space 65024K, 23% used [0x0000000081a00000,0x000000008290a198,0x0000000085980000)
 Metaspace       used 40235K, capacity 41734K, committed 41904K, reserved 1085440K
  class space    used 5123K, capacity 5437K, committed 5552K, reserved 1048576K
Event: 11.103 GC heap after
Heap after GC invocations=12 (full 2):
 PSYoungGen      total 322560K, used 9609K [0x00000000d5e00000, 0x00000000eb280000, 0x0000000100000000)
  eden space 312832K, 0% used [0x00000000d5e00000,0x00000000d5e00000,0x00000000e8f80000)
  from space 9728K, 98% used [0x00000000ea900000,0x00000000eb262550,0x00000000eb280000)
  to   space 13824K, 0% used [0x00000000e9780000,0x00000000e9780000,0x00000000ea500000)
 ParOldGen       total 65024K, used 15408K [0x0000000081a00000, 0x0000000085980000, 0x00000000d5e00000)
  object space 65024K, 23% used [0x0000000081a00000,0x000000008290c198,0x0000000085980000)
 Metaspace       used 40235K, capacity 41734K, committed 41904K, reserved 1085440K
  class space    used 5123K, capacity 5437K, committed 5552K, reserved 1048576K
}

Deoptimization events (10 events):
Event: 10.209 Thread 0x0000000002ccb000 Uncommon trap: reason=null_check action=make_not_entrant pc=0x0000000003dacd68 method=org.springframework.core.annotation.AnnotatedElementUtils.searchWithFindSemantics(Ljava/lang/reflect/AnnotatedElement;Ljava/util/Set;Ljava/lang/String;Ljava/lang/Class;L
Event: 10.223 Thread 0x0000000002ccb000 Uncommon trap: reason=unstable_if action=reinterpret pc=0x0000000003472fa8 method=java.util.concurrent.ConcurrentHashMap.transfer([Ljava/util/concurrent/ConcurrentHashMap$Node;[Ljava/util/concurrent/ConcurrentHashMap$Node;)V @ 356
Event: 10.715 Thread 0x0000000002ccb000 Uncommon trap: reason=unstable_if action=reinterpret pc=0x0000000003ddffe0 method=org.springframework.core.annotation.AnnotatedElementUtils.searchWithFindSemantics(Ljava/lang/reflect/AnnotatedElement;Ljava/util/Set;Ljava/lang/String;Ljava/lang/Class;Lorg/
Event: 11.233 Thread 0x0000000002ccb000 Uncommon trap: reason=unstable_if action=reinterpret pc=0x000000000346a5a0 method=java.io.WinNTFileSystem.prefixLength(Ljava/lang/String;)I @ 42
Event: 11.769 Thread 0x0000000002ccb000 Uncommon trap: reason=unstable_if action=reinterpret pc=0x00000000033ce84c method=java.util.concurrent.ConcurrentHashMap.transfer([Ljava/util/concurrent/ConcurrentHashMap$Node;[Ljava/util/concurrent/ConcurrentHashMap$Node;)V @ 356
Event: 11.776 Thread 0x0000000002ccb000 Uncommon trap: reason=unstable_if action=reinterpret pc=0x000000000379f244 method=org.springframework.util.CollectionUtils.isEmpty(Ljava/util/Collection;)Z @ 10
Event: 11.776 Thread 0x0000000002ccb000 Uncommon trap: reason=unstable_if action=reinterpret pc=0x0000000003d98cc8 method=org.springframework.util.CollectionUtils.isEmpty(Ljava/util/Collection;)Z @ 10
Event: 12.061 Thread 0x0000000002ccb000 Uncommon trap: reason=bimorphic action=maybe_recompile pc=0x0000000003f10284 method=org.springframework.core.SerializableTypeWrapper.unwrap(Ljava/lang/reflect/Type;)Ljava/lang/reflect/Type; @ 18
Event: 12.061 Thread 0x0000000002ccb000 Uncommon trap: reason=bimorphic action=maybe_recompile pc=0x0000000003f10284 method=org.springframework.core.SerializableTypeWrapper.unwrap(Ljava/lang/reflect/Type;)Ljava/lang/reflect/Type; @ 18
Event: 12.062 Thread 0x0000000002ccb000 Uncommon trap: reason=predicate action=maybe_recompile pc=0x0000000003f10330 method=org.springframework.core.SerializableTypeWrapper.unwrap(Ljava/lang/reflect/Type;)Ljava/lang/reflect/Type; @ 9

Classes redefined (0 events):
No events

Internal exceptions (10 events):
Event: 12.358 Thread 0x0000000002ccb000 Exception <a 'java/lang/ClassNotFoundException': org/springframework/web/servlet/mvc/method/annotation/RequestMappingHandlerAdapterCustomizer> (0x00000000de69a108) thrown at [C:\re\workspace\8-2-build-windows-amd64-cygwin\jdk8u181\11358\hotspot\src\share\
Event: 12.361 Thread 0x0000000002ccb000 Exception <a 'java/lang/ClassNotFoundException': org/springframework/beans/factory/BeanFactoryAwareCustomizer> (0x00000000de74ef30) thrown at [C:\re\workspace\8-2-build-windows-amd64-cygwin\jdk8u181\11358\hotspot\src\share\vm\classfile\systemDictionary.cp
Event: 12.361 Thread 0x0000000002ccb000 Exception <a 'java/lang/ClassNotFoundException': org/springframework/beans/factory/AwareCustomizer> (0x00000000de776810) thrown at [C:\re\workspace\8-2-build-windows-amd64-cygwin\jdk8u181\11358\hotspot\src\share\vm\classfile\systemDictionary.cpp, line 210
Event: 12.362 Thread 0x0000000002ccb000 Exception <a 'java/lang/ClassNotFoundException': org/springframework/beans/factory/InitializingBeanCustomizer> (0x00000000de7a2de0) thrown at [C:\re\workspace\8-2-build-windows-amd64-cygwin\jdk8u181\11358\hotspot\src\share\vm\classfile\systemDictionary.cp
Event: 12.370 Thread 0x0000000002ccb000 Exception <a 'java/lang/ClassNotFoundException': org/springframework/web/servlet/HandlerAdapterCustomizer> (0x00000000de7cdc18) thrown at [C:\re\workspace\8-2-build-windows-amd64-cygwin\jdk8u181\11358\hotspot\src\share\vm\classfile\systemDictionary.cpp, l
Event: 12.371 Thread 0x0000000002ccb000 Exception <a 'java/lang/ClassNotFoundException': org/springframework/core/OrderedCustomizer> (0x00000000de7f16a0) thrown at [C:\re\workspace\8-2-build-windows-amd64-cygwin\jdk8u181\11358\hotspot\src\share\vm\classfile\systemDictionary.cpp, line 210]
Event: 12.371 Thread 0x0000000002ccb000 Exception <a 'java/lang/ClassNotFoundException': org/springframework/web/context/ServletContextAwareCustomizer> (0x00000000de81f370) thrown at [C:\re\workspace\8-2-build-windows-amd64-cygwin\jdk8u181\11358\hotspot\src\share\vm\classfile\systemDictionary.c
Event: 12.372 Thread 0x0000000002ccb000 Exception <a 'java/lang/ClassNotFoundException': org/springframework/beans/factory/AwareCustomizer> (0x00000000de8466a0) thrown at [C:\re\workspace\8-2-build-windows-amd64-cygwin\jdk8u181\11358\hotspot\src\share\vm\classfile\systemDictionary.cpp, line 210
Event: 12.372 Thread 0x0000000002ccb000 Exception <a 'java/lang/ClassNotFoundException': org/springframework/context/ApplicationContextAwareCustomizer> (0x00000000de873718) thrown at [C:\re\workspace\8-2-build-windows-amd64-cygwin\jdk8u181\11358\hotspot\src\share\vm\classfile\systemDictionary.c
Event: 12.373 Thread 0x0000000002ccb000 Exception <a 'java/lang/ClassNotFoundException': org/springframework/beans/factory/AwareCustomizer> (0x00000000de89afe0) thrown at [C:\re\workspace\8-2-build-windows-amd64-cygwin\jdk8u181\11358\hotspot\src\share\vm\classfile\systemDictionary.cpp, line 210

Events (10 events):
Event: 12.455 loading class org/springframework/boot/autoconfigure/web/servlet/WebMvcAutoConfiguration$EnableWebMvcConfiguration
Event: 12.455 loading class org/springframework/boot/autoconfigure/web/servlet/WebMvcAutoConfiguration$EnableWebMvcConfiguration done
Event: 12.456 loading class org/springframework/core/io/FileSystemResourceLoader$FileSystemContextResource
Event: 12.456 loading class org/springframework/core/io/FileSystemResourceLoader$FileSystemContextResource done
Event: 12.459 loading class com/samskivert/mustache/Template
Event: 12.459 loading class com/samskivert/mustache/Template done
Event: 12.460 loading class com/samskivert/mustache$Template
Event: 12.460 loading class com/samskivert/mustache$Template done
Event: 12.460 loading class groovy/text/TemplateEngine
Event: 12.460 loading class groovy/text/TemplateEngine done


Dynamic libraries:
0x00007ff7aa3f0000 - 0x00007ff7aa427000 	C:\Program Files\Java\jdk1.8.0_181\bin\java.exe
0x00007ffddae00000 - 0x00007ffddaff0000 	C:\WINDOWS\SYSTEM32\ntdll.dll
0x00007ffdda2d0000 - 0x00007ffdda382000 	C:\WINDOWS\System32\KERNEL32.DLL
0x00007ffdd7eb0000 - 0x00007ffdd8155000 	C:\WINDOWS\System32\KERNELBASE.dll
0x00007ffdd93b0000 - 0x00007ffdd9453000 	C:\WINDOWS\System32\ADVAPI32.dll
0x00007ffdd9dd0000 - 0x00007ffdd9e6e000 	C:\WINDOWS\System32\msvcrt.dll
0x00007ffdd9460000 - 0x00007ffdd94f7000 	C:\WINDOWS\System32\sechost.dll
0x00007ffdd8f10000 - 0x00007ffdd902f000 	C:\WINDOWS\System32\RPCRT4.dll
0x00007ffdd9ed0000 - 0x00007ffdda064000 	C:\WINDOWS\System32\USER32.dll
0x00007ffdd83b0000 - 0x00007ffdd83d1000 	C:\WINDOWS\System32\win32u.dll
0x00007ffdda160000 - 0x00007ffdda186000 	C:\WINDOWS\System32\GDI32.dll
0x00007ffdd8d10000 - 0x00007ffdd8ea8000 	C:\WINDOWS\System32\gdi32full.dll
0x00007ffdd8260000 - 0x00007ffdd82fe000 	C:\WINDOWS\System32\msvcp_win.dll
0x00007ffdd8160000 - 0x00007ffdd825a000 	C:\WINDOWS\System32\ucrtbase.dll
0x00007ffdc8eb0000 - 0x00007ffdc9134000 	C:\WINDOWS\WinSxS\amd64_microsoft.windows.common-controls_6595b64144ccf1df_6.0.18362.1500_none_9e79be6de462295c\COMCTL32.dll
0x00007ffdda390000 - 0x00007ffdda6c6000 	C:\WINDOWS\System32\combase.dll
0x00007ffdd7d70000 - 0x00007ffdd7df1000 	C:\WINDOWS\System32\bcryptPrimitives.dll
0x00007ffdd9c40000 - 0x00007ffdd9c6e000 	C:\WINDOWS\System32\IMM32.DLL
0x0000000052690000 - 0x0000000052762000 	C:\Program Files\Java\jdk1.8.0_181\jre\bin\msvcr100.dll
0x00000000514d0000 - 0x0000000051d72000 	C:\Program Files\Java\jdk1.8.0_181\jre\bin\server\jvm.dll
0x00007ffdd9c30000 - 0x00007ffdd9c38000 	C:\WINDOWS\System32\PSAPI.DLL
0x00007ffdd5850000 - 0x00007ffdd5874000 	C:\WINDOWS\SYSTEM32\WINMM.dll
0x00007ffdd5940000 - 0x00007ffdd5949000 	C:\WINDOWS\SYSTEM32\WSOCK32.dll
0x00007ffdd5d60000 - 0x00007ffdd5d6a000 	C:\WINDOWS\SYSTEM32\VERSION.dll
0x00007ffdda260000 - 0x00007ffdda2cf000 	C:\WINDOWS\System32\WS2_32.dll
0x00007ffdd5820000 - 0x00007ffdd584d000 	C:\WINDOWS\SYSTEM32\WINMMBASE.dll
0x00007ffdd7e60000 - 0x00007ffdd7eaa000 	C:\WINDOWS\System32\cfgmgr32.dll
0x0000000052680000 - 0x000000005268f000 	C:\Program Files\Java\jdk1.8.0_181\jre\bin\verify.dll
0x0000000052650000 - 0x0000000052679000 	C:\Program Files\Java\jdk1.8.0_181\jre\bin\java.dll
0x00000000525a0000 - 0x00000000525c3000 	C:\Program Files\Java\jdk1.8.0_181\jre\bin\instrument.dll
0x0000000052630000 - 0x0000000052646000 	C:\Program Files\Java\jdk1.8.0_181\jre\bin\zip.dll
0x00007ffdda6d0000 - 0x00007ffddadb8000 	C:\WINDOWS\System32\SHELL32.dll
0x00007ffdd9300000 - 0x00007ffdd93a7000 	C:\WINDOWS\System32\shcore.dll
0x00007ffdd8540000 - 0x00007ffdd8cbb000 	C:\WINDOWS\System32\windows.storage.dll
0x00007ffdd7d50000 - 0x00007ffdd7d6e000 	C:\WINDOWS\System32\profapi.dll
0x00007ffdd7cc0000 - 0x00007ffdd7d0a000 	C:\WINDOWS\System32\powrprof.dll
0x00007ffdd7cb0000 - 0x00007ffdd7cc0000 	C:\WINDOWS\System32\UMPDC.dll
0x00007ffdd8eb0000 - 0x00007ffdd8f02000 	C:\WINDOWS\System32\shlwapi.dll
0x00007ffdd7d10000 - 0x00007ffdd7d21000 	C:\WINDOWS\System32\kernel.appcore.dll
0x00007ffdd8cc0000 - 0x00007ffdd8cd7000 	C:\WINDOWS\System32\cryptsp.dll
0x00007ffdc77b0000 - 0x00007ffdc77ca000 	F:\IntelliJ IDEA 2020.2.3\bin\breakgen64.dll
0x0000000052610000 - 0x000000005262a000 	C:\Program Files\Java\jdk1.8.0_181\jre\bin\net.dll
0x00007ffdd7490000 - 0x00007ffdd74f7000 	C:\WINDOWS\system32\mswsock.dll
0x00007ffdd7010000 - 0x00007ffdd7043000 	C:\WINDOWS\system32\rsaenh.dll
0x00007ffdd8ce0000 - 0x00007ffdd8d06000 	C:\WINDOWS\System32\bcrypt.dll
0x00007ffdd7bd0000 - 0x00007ffdd7bf5000 	C:\WINDOWS\SYSTEM32\USERENV.dll
0x00007ffdd7660000 - 0x00007ffdd766c000 	C:\WINDOWS\SYSTEM32\CRYPTBASE.dll
0x00007ffdd71a0000 - 0x00007ffdd71da000 	C:\WINDOWS\SYSTEM32\IPHLPAPI.DLL
0x00007ffdd9140000 - 0x00007ffdd9148000 	C:\WINDOWS\System32\NSI.dll
0x00007ffdccc50000 - 0x00007ffdccc66000 	C:\WINDOWS\SYSTEM32\dhcpcsvc6.DLL
0x00007ffdcad10000 - 0x00007ffdcad2c000 	C:\WINDOWS\SYSTEM32\dhcpcsvc.DLL
0x00007ffdd71e0000 - 0x00007ffdd72ab000 	C:\WINDOWS\SYSTEM32\DNSAPI.dll
0x00000000525f0000 - 0x0000000052601000 	C:\Program Files\Java\jdk1.8.0_181\jre\bin\nio.dll
0x0000000052590000 - 0x000000005259d000 	C:\Program Files\Java\jdk1.8.0_181\jre\bin\management.dll
0x00007ffdbb350000 - 0x00007ffdbb366000 	C:\WINDOWS\system32\napinsp.dll
0x00007ffdbb330000 - 0x00007ffdbb34a000 	C:\WINDOWS\system32\pnrpnsp.dll
0x00007ffdbb320000 - 0x00007ffdbb32e000 	C:\WINDOWS\System32\winrnr.dll
0x00007ffdd3ff0000 - 0x00007ffdd400c000 	C:\WINDOWS\system32\NLAapi.dll
0x00007ffdd3250000 - 0x00007ffdd3265000 	C:\WINDOWS\system32\wshbth.dll
0x0000000052cb0000 - 0x0000000052cd6000 	C:\Program Files\Bonjour\mdnsNSP.dll
0x00007ffdc3e40000 - 0x00007ffdc3e56000 	C:\WINDOWS\system32\wlidnsp.dll
0x00007ffdcf8d0000 - 0x00007ffdcf8da000 	C:\Windows\System32\rasadhlp.dll
0x00007ffdc8a00000 - 0x00007ffdc8a77000 	C:\WINDOWS\System32\fwpuclnt.dll

VM Arguments:
jvm_args: -ea -Didea.test.cyclic.buffer.size=1048576 -javaagent:F:\IntelliJ IDEA 2020.2.3\lib\idea_rt.jar=17177:F:\IntelliJ IDEA 2020.2.3\bin -Dfile.encoding=UTF-8 
java_command: com.intellij.rt.testng.RemoteTestNGStarter -usedefaultlisteners false -socket17176 @w@C:\Users\16376\AppData\Local\Temp\idea_working_dirs_testng.tmp -temp C:\Users\16376\AppData\Local\Temp\idea_testng.tmp
java_class_path (initial): F:\IntelliJ IDEA 2020.2.3\lib\idea_rt.jar;F:\IntelliJ IDEA 2020.2.3\plugins\testng\lib\testng-rt.jar;C:\Program Files\Java\jdk1.8.0_181\jre\lib\charsets.jar;C:\Program Files\Java\jdk1.8.0_181\jre\lib\deploy.jar;C:\Program Files\Java\jdk1.8.0_181\jre\lib\ext\access-bridge-64.jar;C:\Program Files\Java\jdk1.8.0_181\jre\lib\ext\cldrdata.jar;C:\Program Files\Java\jdk1.8.0_181\jre\lib\ext\dnsns.jar;C:\Program Files\Java\jdk1.8.0_181\jre\lib\ext\jaccess.jar;C:\Program Files\Java\jdk1.8.0_181\jre\lib\ext\jfxrt.jar;C:\Program Files\Java\jdk1.8.0_181\jre\lib\ext\localedata.jar;C:\Program Files\Java\jdk1.8.0_181\jre\lib\ext\nashorn.jar;C:\Program Files\Java\jdk1.8.0_181\jre\lib\ext\sunec.jar;C:\Program Files\Java\jdk1.8.0_181\jre\lib\ext\sunjce_provider.jar;C:\Program Files\Java\jdk1.8.0_181\jre\lib\ext\sunmscapi.jar;C:\Program Files\Java\jdk1.8.0_181\jre\lib\ext\sunpkcs11.jar;C:\Program Files\Java\jdk1.8.0_181\jre\lib\ext\zipfs.jar;C:\Program Files\Java\jdk1.8.0_181\jre\lib\javaws.jar;C:\Program Files\Java\jdk1.8.0_181\jre\lib\jce.jar;C:\Program Files\Java\jdk1.8.0_181\jre\lib\jfr.jar;C:\Program Files\Java\jdk1.8.0_181\jre\lib\jfxswt.jar;C:\Program Files\Java\jdk1.8.0_181\jre\lib\jsse.jar;C:\Program Files\Java\jdk1.8.0_181\jre\lib\management-agent.jar;C:\Program Files\Java\jdk1.8.0_181\jre\lib\plugin.jar;C:\Program Files\Java\jdk1.8.0_181\jre\lib\resources.jar;C:\Program Files\Java\jdk1.8.0_181\jre\lib\rt.jar;C:\Users\16376\Desktop\±œ…Ë’‘ƒ»\code\fitness_system\target\test-classes;C:\Users\16376\Desktop\±œ…Ë’‘ƒ»\code\fitness_system\target\classes;C:\Users\16376\.m2\repository\org\springframework\boot\spring-boot-starter-jdbc\2.1.12.RELEASE\spring-boot-starter-jdbc-2.1.12.RELEASE.jar;C:\Users\16376\.m2\repository\org\springframework\boot\spring-boot-starter\2.1.12.RELEASE\spring-boot-starter-2.1.12.RELEASE.jar;C:\Users\16376\.m2\repository\org\springframework\boot\spring-boot-starter-logging\2.1.12.RELEASE\spring-boot-starter-logging-2.1.12.RELEASE.
Launcher Type: SUN_STANDARD

Environment Variables:
JAVA_HOME=C:\Program Files\Java\jdk1.8.0_181
CLASSPATH=.;C:\Program Files\Java\jdk1.8.0_181\lib\dt.jar;C:\Program Files\Java\jdk1.8.0_181\lib\tools.jar;F:\java7\servlet-api-2.5.jar
PATH=C:\Program Files (x86)\Common Files\Oracle\Java\javapath;F:\java7\;F:\TestTool\TestTool\sonar-scanner-4.2.0.1873-windows\bin;C:\Program Files\Java\jdk1.8.0_181\bin;C:\Program Files\Java\jdk1.8.0_181\jre\bin;C:\Program Files\MySQL\MySQL Server 5.7\bin;C:\WINDOWS\system32;F:\apache-maven-3.6.3-bin\apache-maven-3.6.3\bin;C:\strawberry\c\bin;C:\strawberry\perl\bin;F:\java7\LR\strawberry-perl\perl\bin;C:\ProgramData\chocolatey\bin;C:\Program Files\dotnet\;C:\Program Files\Microsoft SQL Server\130\Tools\Binn\;C:\Program Files\Microsoft SQL Server\Client SDK\ODBC\170\Tools\Binn\;C:\WINDOWS;C:\WINDOWS\system32\wbem;F:\java7\apache-jmeter-5.3\bin;C:\Program Files\Git\cmd;C:\Users\16376\AppData\Local\Programs\Python\Python38\Scripts\;C:\Users\16376\AppData\Local\Programs\Python\Python38\;C:\Users\16376\AppData\Local\Microsoft\WindowsApps;E:\Microsoft VS Code\bin;F:\java7\IntelliJ IDEA 2020.1.3\bin;;E:\Pycharm Community\PyCharm Community Edition 2019.3.2\bin;;E:\Google\Chrome\Application;E:\java7\apache-maven-3.6.3\bin;;E:\java7\fiddler;F:\IntelliJ IDEA 2020.2.3\bin;;C:\Users\16376\AppData\Roaming\npm
USERNAME=16376
OS=Windows_NT
PROCESSOR_IDENTIFIER=Intel64 Family 6 Model 158 Stepping 9, GenuineIntel



---------------  S Y S T E M  ---------------

OS: Windows 10.0 , 64 bit Build 18362 (10.0.18362.1500)

CPU:total 4 (initial active 4) (4 cores per cpu, 1 threads per core) family 6 model 158 stepping 9, cmov, cx8, fxsr, mmx, sse, sse2, sse3, ssse3, sse4.1, sse4.2, popcnt, avx, avx2, aes, clmul, erms, 3dnowpref, lzcnt, tsc, tscinvbit, bmi1, bmi2, adx

Memory: 4k page, physical 8278180k(555260k free), swap 13662684k(3720k free)

vm_info: Java HotSpot(TM) 64-Bit Server VM (25.181-b13) for windows-amd64 JRE (1.8.0_181-b13), built on Jul  7 2018 04:01:33 by "java_re" with MS VC++ 10.0 (VS2010)

time: Fri Apr 30 21:49:18 2021
elapsed time: 12 seconds (0d 0h 0m 12s)

