#
# There is insufficient memory for the Java Runtime Environment to continue.
# Native memory allocation (malloc) failed to allocate 1002016 bytes for Chunk::new
# Possible reasons:
#   The system is out of physical RAM or swap space
#   In 32 bit mode, the process size limit was hit
# Possible solutions:
#   Reduce memory load on the system
#   Increase physical memory or swap space
#   Check if swap backing store is full
#   Use 64 bit Java on a 64 bit OS
#   Decrease Java heap size (-Xmx/-Xms)
#   Decrease number of Java threads
#   Decrease Java thread stack sizes (-Xss)
#   Set larger code cache with -XX:ReservedCodeCacheSize=
# This output file may be truncated or incomplete.
#
#  Out of Memory Error (allocation.cpp:390), pid=12996, tid=0x00000000000045f4
#
# JRE version: Java(TM) SE Runtime Environment (8.0_181-b13) (build 1.8.0_181-b13)
# Java VM: Java HotSpot(TM) 64-Bit Server VM (25.181-b13 mixed mode windows-amd64 compressed oops)
# Failed to write core dump. Minidumps are not enabled by default on client versions of Windows
#

---------------  T H R E A D  ---------------

Current thread (0x000000001773a800):  JavaThread "C2 CompilerThread1" daemon [_thread_in_native, id=17908, stack(0x0000000019240000,0x0000000019340000)]

Stack: [0x0000000019240000,0x0000000019340000]
[error occurred during error reporting (printing stack bounds), id 0xc0000005]

Native frames: (J=compiled Java code, j=interpreted, Vv=VM code, C=native code)


Current CompileTask:
C2:   9762 4821       4       org.springframework.integration.config.annotation.MessagingAnnotationPostProcessor::lambda$postProcessAfterInitialization$0 (270 bytes)


---------------  P R O C E S S  ---------------

Java Threads: ( => current thread )
  0x000000001ea7c000 JavaThread "mysql-cj-abandoned-connection-cleanup" daemon [_thread_blocked, id=14680, stack(0x000000001b010000,0x000000001b110000)]
  0x000000001773e800 JavaThread "Service Thread" daemon [_thread_blocked, id=17968, stack(0x0000000019440000,0x0000000019540000)]
  0x000000001773d800 JavaThread "C1 CompilerThread2" daemon [_thread_blocked, id=19916, stack(0x0000000019340000,0x0000000019440000)]
=>0x000000001773a800 JavaThread "C2 CompilerThread1" daemon [_thread_in_native, id=17908, stack(0x0000000019240000,0x0000000019340000)]
  0x0000000017737000 JavaThread "C2 CompilerThread0" daemon [_thread_in_native, id=20032, stack(0x0000000019140000,0x0000000019240000)]
  0x000000001771e800 JavaThread "Monitor Ctrl-Break" daemon [_thread_in_native, id=18556, stack(0x0000000019040000,0x0000000019140000)]
  0x0000000018a83800 JavaThread "Attach Listener" daemon [_thread_blocked, id=12080, stack(0x0000000018f40000,0x0000000019040000)]
  0x00000000176f9000 JavaThread "Signal Dispatcher" daemon [_thread_blocked, id=18584, stack(0x0000000018e40000,0x0000000018f40000)]
  0x00000000176d0800 JavaThread "Finalizer" daemon [_thread_blocked, id=14492, stack(0x0000000018940000,0x0000000018a40000)]
  0x00000000176a9000 JavaThread "Reference Handler" daemon [_thread_blocked, id=2836, stack(0x0000000018840000,0x0000000018940000)]
  0x00000000028bb000 JavaThread "main" [_thread_in_vm, id=16524, stack(0x00000000027b0000,0x00000000028b0000)]

Other Threads:
  0x00000000176a8000 VMThread [stack: 0x0000000018740000,0x0000000018840000] [id=14412]
  0x0000000018b8f800 WatcherThread [stack: 0x0000000019540000,0x0000000019640000] [id=19992]

VM state:not at safepoint (normal execution)

VM Mutex/Monitor currently owned by a thread: None

Heap:
 PSYoungGen      total 321024K, used 63332K [0x00000000d5e00000, 0x00000000f3080000, 0x0000000100000000)
  eden space 307200K, 16% used [0x00000000d5e00000,0x00000000d8f45aa8,0x00000000e8a00000)
  from space 13824K, 93% used [0x00000000e8a00000,0x00000000e9693670,0x00000000e9780000)
  to   space 14848K, 0% used [0x00000000f2200000,0x00000000f2200000,0x00000000f3080000)
 ParOldGen       total 67072K, used 20759K [0x0000000081a00000, 0x0000000085b80000, 0x00000000d5e00000)
  object space 67072K, 30% used [0x0000000081a00000,0x0000000082e45e20,0x0000000085b80000)
 Metaspace       used 46563K, capacity 48826K, committed 49072K, reserved 1091584K
  class space    used 6093K, capacity 6501K, committed 6576K, reserved 1048576K

Card table byte_map: [0x0000000011f60000,0x0000000012360000] byte_map_base: 0x0000000011b53000

Marking Bits: (ParMarkBitMap*) 0x0000000051cf2d00
 Begin Bits: [0x0000000012a10000, 0x00000000149a8000)
 End Bits:   [0x00000000149a8000, 0x0000000016940000)

Polling page: 0x0000000000920000

CodeCache: size=245760Kb used=17386Kb max_used=17388Kb free=228373Kb
 bounds [0x0000000002ba0000, 0x0000000003cb0000, 0x0000000011ba0000]
 total_blobs=4954 nmethods=4487 adapters=378
 compilation: enabled

Compilation events (10 events):
Event: 9.701 Thread 0x000000001773d800 4847       1       sun.reflect.generics.tree.ArrayTypeSignature::getComponentType (5 bytes)
Event: 9.701 Thread 0x000000001773d800 nmethod 4847 0x0000000003c95b50 code [0x0000000003c95ca0, 0x0000000003c95db0]
Event: 9.707 Thread 0x000000001773d800 4848       2       org.springframework.core.MethodParameter::forExecutable (67 bytes)
Event: 9.708 Thread 0x000000001773d800 nmethod 4848 0x0000000003c94b50 code [0x0000000003c94d60, 0x0000000003c95588]
Event: 9.708 Thread 0x000000001773d800 4849       2       org.springframework.beans.factory.config.DependencyDescriptor::<init> (74 bytes)
Event: 9.708 Thread 0x000000001773d800 nmethod 4849 0x0000000003c94250 code [0x0000000003c94400, 0x0000000003c94878]
Event: 9.718 Thread 0x000000001773d800 4850   !   2       org.springframework.cglib.core.EmitUtils::string_switch (110 bytes)
Event: 9.718 Thread 0x000000001773d800 nmethod 4850 0x0000000003c93490 code [0x0000000003c93680, 0x0000000003c93bf8]
Event: 9.745 Thread 0x000000001773d800 4851   !   2       java.lang.Class::newInstance (155 bytes)
Event: 9.746 Thread 0x000000001773d800 nmethod 4851 0x0000000003c92390 code [0x0000000003c92600, 0x0000000003c92e98]

GC Heap History (10 events):
Event: 6.050 GC heap before
{Heap before GC invocations=9 (full 1):
 PSYoungGen      total 140288K, used 140272K [0x00000000d5e00000, 0x00000000e3880000, 0x0000000100000000)
  eden space 131584K, 100% used [0x00000000d5e00000,0x00000000dde80000,0x00000000dde80000)
  from space 8704K, 99% used [0x00000000dde80000,0x00000000de6fc1c8,0x00000000de700000)
  to   space 11264K, 0% used [0x00000000e2d80000,0x00000000e2d80000,0x00000000e3880000)
 ParOldGen       total 53760K, used 11218K [0x0000000081a00000, 0x0000000084e80000, 0x00000000d5e00000)
  object space 53760K, 20% used [0x0000000081a00000,0x00000000824f4bd8,0x0000000084e80000)
 Metaspace       used 34128K, capacity 35282K, committed 35496K, reserved 1081344K
  class space    used 4288K, capacity 4531K, committed 4656K, reserved 1048576K
Event: 6.063 GC heap after
Heap after GC invocations=9 (full 1):
 PSYoungGen      total 209408K, used 11236K [0x00000000d5e00000, 0x00000000e5600000, 0x0000000100000000)
  eden space 198144K, 0% used [0x00000000d5e00000,0x00000000d5e00000,0x00000000e1f80000)
  from space 11264K, 99% used [0x00000000e2d80000,0x00000000e3879378,0x00000000e3880000)
  to   space 14336K, 0% used [0x00000000e1f80000,0x00000000e1f80000,0x00000000e2d80000)
 ParOldGen       total 53760K, used 14364K [0x0000000081a00000, 0x0000000084e80000, 0x00000000d5e00000)
  object space 53760K, 26% used [0x0000000081a00000,0x0000000082807358,0x0000000084e80000)
 Metaspace       used 34128K, capacity 35282K, committed 35496K, reserved 1081344K
  class space    used 4288K, capacity 4531K, committed 4656K, reserved 1048576K
}
Event: 6.089 GC heap before
{Heap before GC invocations=10 (full 1):
 PSYoungGen      total 209408K, used 17497K [0x00000000d5e00000, 0x00000000e5600000, 0x0000000100000000)
  eden space 198144K, 3% used [0x00000000d5e00000,0x00000000d641d480,0x00000000e1f80000)
  from space 11264K, 99% used [0x00000000e2d80000,0x00000000e3879378,0x00000000e3880000)
  to   space 14336K, 0% used [0x00000000e1f80000,0x00000000e1f80000,0x00000000e2d80000)
 ParOldGen       total 53760K, used 14364K [0x0000000081a00000, 0x0000000084e80000, 0x00000000d5e00000)
  object space 53760K, 26% used [0x0000000081a00000,0x0000000082807358,0x0000000084e80000)
 Metaspace       used 34164K, capacity 35284K, committed 35496K, reserved 1081344K
  class space    used 4293K, capacity 4532K, committed 4656K, reserved 1048576K
Event: 6.118 GC heap after
Heap after GC invocations=10 (full 1):
 PSYoungGen      total 212480K, used 8352K [0x00000000d5e00000, 0x00000000ea980000, 0x0000000100000000)
  eden space 198144K, 0% used [0x00000000d5e00000,0x00000000d5e00000,0x00000000e1f80000)
  from space 14336K, 58% used [0x00000000e1f80000,0x00000000e27a8010,0x00000000e2d80000)
  to   space 13824K, 0% used [0x00000000e9c00000,0x00000000e9c00000,0x00000000ea980000)
 ParOldGen       total 53760K, used 16049K [0x0000000081a00000, 0x0000000084e80000, 0x00000000d5e00000)
  object space 53760K, 29% used [0x0000000081a00000,0x00000000829ac6c8,0x0000000084e80000)
 Metaspace       used 34164K, capacity 35284K, committed 35496K, reserved 1081344K
  class space    used 4293K, capacity 4532K, committed 4656K, reserved 1048576K
}
Event: 6.118 GC heap before
{Heap before GC invocations=11 (full 2):
 PSYoungGen      total 212480K, used 8352K [0x00000000d5e00000, 0x00000000ea980000, 0x0000000100000000)
  eden space 198144K, 0% used [0x00000000d5e00000,0x00000000d5e00000,0x00000000e1f80000)
  from space 14336K, 58% used [0x00000000e1f80000,0x00000000e27a8010,0x00000000e2d80000)
  to   space 13824K, 0% used [0x00000000e9c00000,0x00000000e9c00000,0x00000000ea980000)
 ParOldGen       total 53760K, used 16049K [0x0000000081a00000, 0x0000000084e80000, 0x00000000d5e00000)
  object space 53760K, 29% used [0x0000000081a00000,0x00000000829ac6c8,0x0000000084e80000)
 Metaspace       used 34164K, capacity 35284K, committed 35496K, reserved 1081344K
  class space    used 4293K, capacity 4532K, committed 4656K, reserved 1048576K
Event: 6.189 GC heap after
Heap after GC invocations=11 (full 2):
 PSYoungGen      total 212480K, used 0K [0x00000000d5e00000, 0x00000000ea980000, 0x0000000100000000)
  eden space 198144K, 0% used [0x00000000d5e00000,0x00000000d5e00000,0x00000000e1f80000)
  from space 14336K, 0% used [0x00000000e1f80000,0x00000000e1f80000,0x00000000e2d80000)
  to   space 13824K, 0% used [0x00000000e9c00000,0x00000000e9c00000,0x00000000ea980000)
 ParOldGen       total 67072K, used 15287K [0x0000000081a00000, 0x0000000085b80000, 0x00000000d5e00000)
  object space 67072K, 22% used [0x0000000081a00000,0x00000000828ede00,0x0000000085b80000)
 Metaspace       used 34164K, capacity 35284K, committed 35496K, reserved 1081344K
  class space    used 4293K, capacity 4532K, committed 4656K, reserved 1048576K
}
Event: 7.527 GC heap before
{Heap before GC invocations=12 (full 2):
 PSYoungGen      total 212480K, used 198144K [0x00000000d5e00000, 0x00000000ea980000, 0x0000000100000000)
  eden space 198144K, 100% used [0x00000000d5e00000,0x00000000e1f80000,0x00000000e1f80000)
  from space 14336K, 0% used [0x00000000e1f80000,0x00000000e1f80000,0x00000000e2d80000)
  to   space 13824K, 0% used [0x00000000e9c00000,0x00000000e9c00000,0x00000000ea980000)
 ParOldGen       total 67072K, used 15287K [0x0000000081a00000, 0x0000000085b80000, 0x00000000d5e00000)
  object space 67072K, 22% used [0x0000000081a00000,0x00000000828ede00,0x0000000085b80000)
 Metaspace       used 40053K, capacity 41556K, committed 41776K, reserved 1085440K
  class space    used 5099K, capacity 5424K, committed 5424K, reserved 1048576K
Event: 7.538 GC heap after
Heap after GC invocations=12 (full 2):
 PSYoungGen      total 309248K, used 9087K [0x00000000d5e00000, 0x00000000ea500000, 0x0000000100000000)
  eden space 300032K, 0% used [0x00000000d5e00000,0x00000000d5e00000,0x00000000e8300000)
  from space 9216K, 98% used [0x00000000e9c00000,0x00000000ea4dff08,0x00000000ea500000)
  to   space 13824K, 0% used [0x00000000e8a00000,0x00000000e8a00000,0x00000000e9780000)
 ParOldGen       total 67072K, used 15295K [0x0000000081a00000, 0x0000000085b80000, 0x00000000d5e00000)
  object space 67072K, 22% used [0x0000000081a00000,0x00000000828efe00,0x0000000085b80000)
 Metaspace       used 40053K, capacity 41556K, committed 41776K, reserved 1085440K
  class space    used 5099K, capacity 5424K, committed 5424K, reserved 1048576K
}
Event: 9.463 GC heap before
{Heap before GC invocations=13 (full 2):
 PSYoungGen      total 309248K, used 309119K [0x00000000d5e00000, 0x00000000ea500000, 0x0000000100000000)
  eden space 300032K, 100% used [0x00000000d5e00000,0x00000000e8300000,0x00000000e8300000)
  from space 9216K, 98% used [0x00000000e9c00000,0x00000000ea4dff08,0x00000000ea500000)
  to   space 13824K, 0% used [0x00000000e8a00000,0x00000000e8a00000,0x00000000e9780000)
 ParOldGen       total 67072K, used 15295K [0x0000000081a00000, 0x0000000085b80000, 0x00000000d5e00000)
  object space 67072K, 22% used [0x0000000081a00000,0x00000000828efe00,0x0000000085b80000)
 Metaspace       used 45601K, capacity 47846K, committed 47920K, reserved 1091584K
  class space    used 5970K, capacity 6395K, committed 6448K, reserved 1048576K
Event: 9.495 GC heap after
Heap after GC invocations=13 (full 2):
 PSYoungGen      total 321024K, used 12877K [0x00000000d5e00000, 0x00000000f3080000, 0x0000000100000000)
  eden space 307200K, 0% used [0x00000000d5e00000,0x00000000d5e00000,0x00000000e8a00000)
  from space 13824K, 93% used [0x00000000e8a00000,0x00000000e9693670,0x00000000e9780000)
  to   space 14848K, 0% used [0x00000000f2200000,0x00000000f2200000,0x00000000f3080000)
 ParOldGen       total 67072K, used 20759K [0x0000000081a00000, 0x0000000085b80000, 0x00000000d5e00000)
  object space 67072K, 30% used [0x0000000081a00000,0x0000000082e45e20,0x0000000085b80000)
 Metaspace       used 45601K, capacity 47846K, committed 47920K, reserved 1091584K
  class space    used 5970K, capacity 6395K, committed 6448K, reserved 1048576K
}

Deoptimization events (10 events):
Event: 8.277 Thread 0x00000000028bb000 Uncommon trap: reason=class_check action=maybe_recompile pc=0x0000000003a5e498 method=java.lang.reflect.Array.newInstance(Ljava/lang/Class;I)Ljava/lang/Object; @ 2
Event: 8.278 Thread 0x00000000028bb000 Uncommon trap: reason=class_check action=maybe_recompile pc=0x0000000003a5e498 method=java.lang.reflect.Array.newInstance(Ljava/lang/Class;I)Ljava/lang/Object; @ 2
Event: 8.472 Thread 0x00000000028bb000 Uncommon trap: reason=unstable_if action=reinterpret pc=0x0000000003a5a6e8 method=org.springframework.beans.factory.support.AbstractBeanFactory.isTypeMatch(Ljava/lang/String;Lorg/springframework/core/ResolvableType;)Z @ 26
Event: 9.248 Thread 0x00000000028bb000 Uncommon trap: reason=unstable_if action=reinterpret pc=0x0000000003923088 method=java.lang.Class.arrayContentsEq([Ljava/lang/Object;[Ljava/lang/Object;)Z @ 1
Event: 9.250 Thread 0x00000000028bb000 Uncommon trap: reason=unstable_if action=reinterpret pc=0x0000000003921d10 method=java.lang.Class.arrayContentsEq([Ljava/lang/Object;[Ljava/lang/Object;)Z @ 1
Event: 9.251 Thread 0x00000000028bb000 Uncommon trap: reason=bimorphic action=maybe_recompile pc=0x00000000038f6560 method=java.util.Hashtable.get(Ljava/lang/Object;)Ljava/lang/Object; @ 6
Event: 9.251 Thread 0x00000000028bb000 Uncommon trap: reason=bimorphic action=maybe_recompile pc=0x00000000038f6560 method=java.util.Hashtable.get(Ljava/lang/Object;)Ljava/lang/Object; @ 6
Event: 9.252 Thread 0x00000000028bb000 Uncommon trap: reason=bimorphic action=maybe_recompile pc=0x00000000038f6560 method=java.util.Hashtable.get(Ljava/lang/Object;)Ljava/lang/Object; @ 6
Event: 9.252 Thread 0x00000000028bb000 Uncommon trap: reason=bimorphic action=maybe_recompile pc=0x00000000038f6560 method=java.util.Hashtable.get(Ljava/lang/Object;)Ljava/lang/Object; @ 6
Event: 9.332 Thread 0x00000000028bb000 Uncommon trap: reason=unstable_if action=reinterpret pc=0x0000000003209b1c method=java.util.LinkedHashMap.afterNodeInsertion(Z)V @ 18

Classes redefined (0 events):
No events

Internal exceptions (10 events):
Event: 9.734 Thread 0x00000000028bb000 Exception <a 'java/lang/ClassNotFoundException': org/springframework/beans/factory/DisposableBeanCustomizer> (0x00000000d86cf6e8) thrown at [C:\re\workspace\8-2-build-windows-amd64-cygwin\jdk8u181\11358\hotspot\src\share\vm\classfile\systemDictionary.cpp,
Event: 9.735 Thread 0x00000000028bb000 Exception <a 'java/lang/ClassNotFoundException': org/springframework/context/SmartLifecycleCustomizer> (0x00000000d86f85c0) thrown at [C:\re\workspace\8-2-build-windows-amd64-cygwin\jdk8u181\11358\hotspot\src\share\vm\classfile\systemDictionary.cpp, line 
Event: 9.735 Thread 0x00000000028bb000 Exception <a 'java/lang/ClassNotFoundException': org/springframework/context/LifecycleCustomizer> (0x00000000d87203d0) thrown at [C:\re\workspace\8-2-build-windows-amd64-cygwin\jdk8u181\11358\hotspot\src\share\vm\classfile\systemDictionary.cpp, line 210]
Event: 9.736 Thread 0x00000000028bb000 Exception <a 'java/lang/ClassNotFoundException': org/springframework/context/PhasedCustomizer> (0x00000000d8745f60) thrown at [C:\re\workspace\8-2-build-windows-amd64-cygwin\jdk8u181\11358\hotspot\src\share\vm\classfile\systemDictionary.cpp, line 210]
Event: 9.736 Thread 0x00000000028bb000 Exception <a 'java/lang/ClassNotFoundException': org/springframework/context/ResourceLoaderAwareCustomizer> (0x00000000d8771288) thrown at [C:\re\workspace\8-2-build-windows-amd64-cygwin\jdk8u181\11358\hotspot\src\share\vm\classfile\systemDictionary.cpp, 
Event: 9.737 Thread 0x00000000028bb000 Exception <a 'java/lang/ClassNotFoundException': org/springframework/beans/factory/AwareCustomizer> (0x00000000d8798750) thrown at [C:\re\workspace\8-2-build-windows-amd64-cygwin\jdk8u181\11358\hotspot\src\share\vm\classfile\systemDictionary.cpp, line 210
Event: 9.746 Thread 0x00000000028bb000 Exception <a 'java/lang/ClassNotFoundException': org/quartz/simpl/SimpleThreadPoolBeanInfo> (0x00000000d886e830) thrown at [C:\re\workspace\8-2-build-windows-amd64-cygwin\jdk8u181\11358\hotspot\src\share\vm\classfile\systemDictionary.cpp, line 210]
Event: 9.747 Thread 0x00000000028bb000 Exception <a 'java/lang/ClassNotFoundException': org/quartz/simpl/SimpleThreadPoolCustomizer> (0x00000000d8892278) thrown at [C:\re\workspace\8-2-build-windows-amd64-cygwin\jdk8u181\11358\hotspot\src\share\vm\classfile\systemDictionary.cpp, line 210]
Event: 9.756 Thread 0x00000000028bb000 Exception <a 'java/lang/ClassNotFoundException': org/quartz/simpl/RAMJobStoreBeanInfo> (0x00000000d89c32e8) thrown at [C:\re\workspace\8-2-build-windows-amd64-cygwin\jdk8u181\11358\hotspot\src\share\vm\classfile\systemDictionary.cpp, line 210]
Event: 9.756 Thread 0x00000000028bb000 Exception <a 'java/lang/ClassNotFoundException': org/quartz/simpl/RAMJobStoreCustomizer> (0x00000000d89e3670) thrown at [C:\re\workspace\8-2-build-windows-amd64-cygwin\jdk8u181\11358\hotspot\src\share\vm\classfile\systemDictionary.cpp, line 210]

Events (10 events):
Event: 9.756 loading class org/quartz/simpl/RAMJobStoreCustomizer
Event: 9.756 loading class org/quartz/simpl/RAMJobStoreCustomizer done
Event: 9.757 loading class org/quartz/spi/TriggerFiredResult
Event: 9.757 loading class org/quartz/spi/TriggerFiredResult done
Event: 9.757 loading class org/quartz/impl/jdbcjobstore/JobStoreSupport
Event: 9.757 loading class org/quartz/impl/jdbcjobstore/JobStoreSupport done
Event: 9.759 loading class org/quartz/impl/jdbcjobstore/Constants
Event: 9.759 loading class org/quartz/impl/jdbcjobstore/Constants done
Event: 9.761 loading class org/quartz/spi/SchedulerPlugin
Event: 9.761 loading class org/quartz/spi/SchedulerPlugin done


Dynamic libraries:
0x00007ff7aa3f0000 - 0x00007ff7aa427000 	C:\Program Files\Java\jdk1.8.0_181\bin\java.exe
0x00007ffddae00000 - 0x00007ffddaff0000 	C:\WINDOWS\SYSTEM32\ntdll.dll
0x00007ffdda2d0000 - 0x00007ffdda382000 	C:\WINDOWS\System32\KERNEL32.DLL
0x00007ffdd7eb0000 - 0x00007ffdd8155000 	C:\WINDOWS\System32\KERNELBASE.dll
0x00007ffdd93b0000 - 0x00007ffdd9453000 	C:\WINDOWS\System32\ADVAPI32.dll
0x00007ffdd9dd0000 - 0x00007ffdd9e6e000 	C:\WINDOWS\System32\msvcrt.dll
0x00007ffdd9460000 - 0x00007ffdd94f7000 	C:\WINDOWS\System32\sechost.dll
0x00007ffdd8f10000 - 0x00007ffdd902f000 	C:\WINDOWS\System32\RPCRT4.dll
0x00007ffdd9ed0000 - 0x00007ffdda064000 	C:\WINDOWS\System32\USER32.dll
0x00007ffdd83b0000 - 0x00007ffdd83d1000 	C:\WINDOWS\System32\win32u.dll
0x00007ffdda160000 - 0x00007ffdda186000 	C:\WINDOWS\System32\GDI32.dll
0x00007ffdd8d10000 - 0x00007ffdd8ea8000 	C:\WINDOWS\System32\gdi32full.dll
0x00007ffdd8260000 - 0x00007ffdd82fe000 	C:\WINDOWS\System32\msvcp_win.dll
0x00007ffdd8160000 - 0x00007ffdd825a000 	C:\WINDOWS\System32\ucrtbase.dll
0x00007ffdc8eb0000 - 0x00007ffdc9134000 	C:\WINDOWS\WinSxS\amd64_microsoft.windows.common-controls_6595b64144ccf1df_6.0.18362.1500_none_9e79be6de462295c\COMCTL32.dll
0x00007ffdda390000 - 0x00007ffdda6c6000 	C:\WINDOWS\System32\combase.dll
0x00007ffdd7d70000 - 0x00007ffdd7df1000 	C:\WINDOWS\System32\bcryptPrimitives.dll
0x00007ffdd9c40000 - 0x00007ffdd9c6e000 	C:\WINDOWS\System32\IMM32.DLL
0x0000000052690000 - 0x0000000052762000 	C:\Program Files\Java\jdk1.8.0_181\jre\bin\msvcr100.dll
0x00000000514d0000 - 0x0000000051d72000 	C:\Program Files\Java\jdk1.8.0_181\jre\bin\server\jvm.dll
0x00007ffdd9c30000 - 0x00007ffdd9c38000 	C:\WINDOWS\System32\PSAPI.DLL
0x00007ffdd5940000 - 0x00007ffdd5949000 	C:\WINDOWS\SYSTEM32\WSOCK32.dll
0x00007ffdd5850000 - 0x00007ffdd5874000 	C:\WINDOWS\SYSTEM32\WINMM.dll
0x00007ffdda260000 - 0x00007ffdda2cf000 	C:\WINDOWS\System32\WS2_32.dll
0x00007ffdd5d60000 - 0x00007ffdd5d6a000 	C:\WINDOWS\SYSTEM32\VERSION.dll
0x00007ffdd5820000 - 0x00007ffdd584d000 	C:\WINDOWS\SYSTEM32\WINMMBASE.dll
0x00007ffdd7e60000 - 0x00007ffdd7eaa000 	C:\WINDOWS\System32\cfgmgr32.dll
0x0000000052680000 - 0x000000005268f000 	C:\Program Files\Java\jdk1.8.0_181\jre\bin\verify.dll
0x0000000052650000 - 0x0000000052679000 	C:\Program Files\Java\jdk1.8.0_181\jre\bin\java.dll
0x00000000525a0000 - 0x00000000525c3000 	C:\Program Files\Java\jdk1.8.0_181\jre\bin\instrument.dll
0x0000000052630000 - 0x0000000052646000 	C:\Program Files\Java\jdk1.8.0_181\jre\bin\zip.dll
0x00007ffdda6d0000 - 0x00007ffddadb8000 	C:\WINDOWS\System32\SHELL32.dll
0x00007ffdd9300000 - 0x00007ffdd93a7000 	C:\WINDOWS\System32\shcore.dll
0x00007ffdd8540000 - 0x00007ffdd8cbb000 	C:\WINDOWS\System32\windows.storage.dll
0x00007ffdd7d50000 - 0x00007ffdd7d6e000 	C:\WINDOWS\System32\profapi.dll
0x00007ffdd7cc0000 - 0x00007ffdd7d0a000 	C:\WINDOWS\System32\powrprof.dll
0x00007ffdd7cb0000 - 0x00007ffdd7cc0000 	C:\WINDOWS\System32\UMPDC.dll
0x00007ffdd8eb0000 - 0x00007ffdd8f02000 	C:\WINDOWS\System32\shlwapi.dll
0x00007ffdd7d10000 - 0x00007ffdd7d21000 	C:\WINDOWS\System32\kernel.appcore.dll
0x00007ffdd8cc0000 - 0x00007ffdd8cd7000 	C:\WINDOWS\System32\cryptsp.dll
0x00007ffdc72f0000 - 0x00007ffdc730a000 	F:\IntelliJ IDEA 2020.2.3\bin\breakgen64.dll
0x0000000052610000 - 0x000000005262a000 	C:\Program Files\Java\jdk1.8.0_181\jre\bin\net.dll
0x00007ffdd7490000 - 0x00007ffdd74f7000 	C:\WINDOWS\system32\mswsock.dll
0x00007ffdd7010000 - 0x00007ffdd7043000 	C:\WINDOWS\system32\rsaenh.dll
0x00007ffdd8ce0000 - 0x00007ffdd8d06000 	C:\WINDOWS\System32\bcrypt.dll
0x00007ffdd7bd0000 - 0x00007ffdd7bf5000 	C:\WINDOWS\SYSTEM32\USERENV.dll
0x00007ffdd7660000 - 0x00007ffdd766c000 	C:\WINDOWS\SYSTEM32\CRYPTBASE.dll
0x00007ffdd71a0000 - 0x00007ffdd71da000 	C:\WINDOWS\SYSTEM32\IPHLPAPI.DLL
0x00007ffdd9140000 - 0x00007ffdd9148000 	C:\WINDOWS\System32\NSI.dll
0x00007ffdccc50000 - 0x00007ffdccc66000 	C:\WINDOWS\SYSTEM32\dhcpcsvc6.DLL
0x00007ffdcad10000 - 0x00007ffdcad2c000 	C:\WINDOWS\SYSTEM32\dhcpcsvc.DLL
0x00007ffdd71e0000 - 0x00007ffdd72ab000 	C:\WINDOWS\SYSTEM32\DNSAPI.dll
0x00000000525f0000 - 0x0000000052601000 	C:\Program Files\Java\jdk1.8.0_181\jre\bin\nio.dll
0x0000000052590000 - 0x000000005259d000 	C:\Program Files\Java\jdk1.8.0_181\jre\bin\management.dll
0x00007ffdbb350000 - 0x00007ffdbb366000 	C:\WINDOWS\system32\napinsp.dll
0x00007ffdbb330000 - 0x00007ffdbb34a000 	C:\WINDOWS\system32\pnrpnsp.dll
0x00007ffdbb320000 - 0x00007ffdbb32e000 	C:\WINDOWS\System32\winrnr.dll
0x00007ffdd3ff0000 - 0x00007ffdd400c000 	C:\WINDOWS\system32\NLAapi.dll
0x00007ffdd3250000 - 0x00007ffdd3265000 	C:\WINDOWS\system32\wshbth.dll
0x0000000052cb0000 - 0x0000000052cd6000 	C:\Program Files\Bonjour\mdnsNSP.dll
0x00007ffdc3e40000 - 0x00007ffdc3e56000 	C:\WINDOWS\system32\wlidnsp.dll
0x00007ffdcf8d0000 - 0x00007ffdcf8da000 	C:\Windows\System32\rasadhlp.dll
0x00007ffdc8a00000 - 0x00007ffdc8a77000 	C:\WINDOWS\System32\fwpuclnt.dll

VM Arguments:
jvm_args: -ea -Didea.test.cyclic.buffer.size=1048576 -javaagent:F:\IntelliJ IDEA 2020.2.3\lib\idea_rt.jar=14033:F:\IntelliJ IDEA 2020.2.3\bin -Dfile.encoding=UTF-8 
java_command: com.intellij.rt.testng.RemoteTestNGStarter -usedefaultlisteners false -socket14032 @w@C:\Users\16376\AppData\Local\Temp\idea_working_dirs_testng.tmp -temp C:\Users\16376\AppData\Local\Temp\idea_testng.tmp
java_class_path (initial): F:\IntelliJ IDEA 2020.2.3\lib\idea_rt.jar;F:\IntelliJ IDEA 2020.2.3\plugins\testng\lib\testng-rt.jar;C:\Program Files\Java\jdk1.8.0_181\jre\lib\charsets.jar;C:\Program Files\Java\jdk1.8.0_181\jre\lib\deploy.jar;C:\Program Files\Java\jdk1.8.0_181\jre\lib\ext\access-bridge-64.jar;C:\Program Files\Java\jdk1.8.0_181\jre\lib\ext\cldrdata.jar;C:\Program Files\Java\jdk1.8.0_181\jre\lib\ext\dnsns.jar;C:\Program Files\Java\jdk1.8.0_181\jre\lib\ext\jaccess.jar;C:\Program Files\Java\jdk1.8.0_181\jre\lib\ext\jfxrt.jar;C:\Program Files\Java\jdk1.8.0_181\jre\lib\ext\localedata.jar;C:\Program Files\Java\jdk1.8.0_181\jre\lib\ext\nashorn.jar;C:\Program Files\Java\jdk1.8.0_181\jre\lib\ext\sunec.jar;C:\Program Files\Java\jdk1.8.0_181\jre\lib\ext\sunjce_provider.jar;C:\Program Files\Java\jdk1.8.0_181\jre\lib\ext\sunmscapi.jar;C:\Program Files\Java\jdk1.8.0_181\jre\lib\ext\sunpkcs11.jar;C:\Program Files\Java\jdk1.8.0_181\jre\lib\ext\zipfs.jar;C:\Program Files\Java\jdk1.8.0_181\jre\lib\javaws.jar;C:\Program Files\Java\jdk1.8.0_181\jre\lib\jce.jar;C:\Program Files\Java\jdk1.8.0_181\jre\lib\jfr.jar;C:\Program Files\Java\jdk1.8.0_181\jre\lib\jfxswt.jar;C:\Program Files\Java\jdk1.8.0_181\jre\lib\jsse.jar;C:\Program Files\Java\jdk1.8.0_181\jre\lib\management-agent.jar;C:\Program Files\Java\jdk1.8.0_181\jre\lib\plugin.jar;C:\Program Files\Java\jdk1.8.0_181\jre\lib\resources.jar;C:\Program Files\Java\jdk1.8.0_181\jre\lib\rt.jar;C:\Users\16376\Desktop\±œ…Ë’‘ƒ»\code\fitness_system\target\test-classes;C:\Users\16376\Desktop\±œ…Ë’‘ƒ»\code\fitness_system\target\classes;C:\Users\16376\.m2\repository\org\springframework\boot\spring-boot-starter-jdbc\2.1.12.RELEASE\spring-boot-starter-jdbc-2.1.12.RELEASE.jar;C:\Users\16376\.m2\repository\org\springframework\boot\spring-boot-starter\2.1.12.RELEASE\spring-boot-starter-2.1.12.RELEASE.jar;C:\Users\16376\.m2\repository\org\springframework\boot\spring-boot-starter-logging\2.1.12.RELEASE\spring-boot-starter-logging-2.1.12.RELEASE.
Launcher Type: SUN_STANDARD

Environment Variables:
JAVA_HOME=C:\Program Files\Java\jdk1.8.0_181
CLASSPATH=.;C:\Program Files\Java\jdk1.8.0_181\lib\dt.jar;C:\Program Files\Java\jdk1.8.0_181\lib\tools.jar;F:\java7\servlet-api-2.5.jar
PATH=C:\Program Files (x86)\Common Files\Oracle\Java\javapath;F:\java7\;F:\TestTool\TestTool\sonar-scanner-4.2.0.1873-windows\bin;C:\Program Files\Java\jdk1.8.0_181\bin;C:\Program Files\Java\jdk1.8.0_181\jre\bin;C:\Program Files\MySQL\MySQL Server 5.7\bin;C:\WINDOWS\system32;F:\apache-maven-3.6.3-bin\apache-maven-3.6.3\bin;C:\strawberry\c\bin;C:\strawberry\perl\bin;F:\java7\LR\strawberry-perl\perl\bin;C:\ProgramData\chocolatey\bin;C:\Program Files\dotnet\;C:\Program Files\Microsoft SQL Server\130\Tools\Binn\;C:\Program Files\Microsoft SQL Server\Client SDK\ODBC\170\Tools\Binn\;C:\WINDOWS;C:\WINDOWS\system32\wbem;F:\java7\apache-jmeter-5.3\bin;C:\Program Files\Git\cmd;C:\Users\16376\AppData\Local\Programs\Python\Python38\Scripts\;C:\Users\16376\AppData\Local\Programs\Python\Python38\;C:\Users\16376\AppData\Local\Microsoft\WindowsApps;E:\Microsoft VS Code\bin;F:\java7\IntelliJ IDEA 2020.1.3\bin;;E:\Pycharm Community\PyCharm Community Edition 2019.3.2\bin;;E:\Google\Chrome\Application;E:\java7\apache-maven-3.6.3\bin;;E:\java7\fiddler;F:\IntelliJ IDEA 2020.2.3\bin;;C:\Users\16376\AppData\Roaming\npm
USERNAME=16376
OS=Windows_NT
PROCESSOR_IDENTIFIER=Intel64 Family 6 Model 158 Stepping 9, GenuineIntel



---------------  S Y S T E M  ---------------

OS: Windows 10.0 , 64 bit Build 18362 (10.0.18362.1500)

CPU:total 4 (initial active 4) (4 cores per cpu, 1 threads per core) family 6 model 158 stepping 9, cmov, cx8, fxsr, mmx, sse, sse2, sse3, ssse3, sse4.1, sse4.2, popcnt, avx, avx2, aes, clmul, erms, 3dnowpref, lzcnt, tsc, tscinvbit, bmi1, bmi2, adx

Memory: 4k page, physical 8278180k(503628k free), swap 13662684k(5560k free)

vm_info: Java HotSpot(TM) 64-Bit Server VM (25.181-b13) for windows-amd64 JRE (1.8.0_181-b13), built on Jul  7 2018 04:01:33 by "java_re" with MS VC++ 10.0 (VS2010)

time: Fri Apr 30 18:26:09 2021
elapsed time: 9 seconds (0d 0h 0m 9s)

